c:\users\pankaj kolhe\documents\visual studio 2015\Projects\Angular2Learn\Angular2Learn\src\app\app.component.js
c:\users\pankaj kolhe\documents\visual studio 2015\Projects\Angular2Learn\Angular2Learn\src\app\app.component.js.map
c:\users\pankaj kolhe\documents\visual studio 2015\Projects\Angular2Learn\Angular2Learn\src\app\app.module.js
c:\users\pankaj kolhe\documents\visual studio 2015\Projects\Angular2Learn\Angular2Learn\src\app\app.module.js.map
c:\users\pankaj kolhe\documents\visual studio 2015\Projects\Angular2Learn\Angular2Learn\src\main.js
c:\users\pankaj kolhe\documents\visual studio 2015\Projects\Angular2Learn\Angular2Learn\src\main.js.map
c:\users\pankaj kolhe\documents\visual studio 2015\Projects\Angular2Learn\Angular2Learn\src\app\app.component.spec.js
c:\users\pankaj kolhe\documents\visual studio 2015\Projects\Angular2Learn\Angular2Learn\src\app\app.component.spec.js.map
c:\users\pankaj kolhe\documents\visual studio 2015\Projects\Angular2Learn\Angular2Learn\src\app\app.component.js
c:\users\pankaj kolhe\documents\visual studio 2015\Projects\Angular2Learn\Angular2Learn\src\app\app.component.js.map
c:\users\pankaj kolhe\documents\visual studio 2015\Projects\Angular2Learn\Angular2Learn\src\app\app.module.js
c:\users\pankaj kolhe\documents\visual studio 2015\Projects\Angular2Learn\Angular2Learn\src\app\app.module.js.map
c:\users\pankaj kolhe\documents\visual studio 2015\Projects\Angular2Learn\Angular2Learn\src\main.js
c:\users\pankaj kolhe\documents\visual studio 2015\Projects\Angular2Learn\Angular2Learn\src\main.js.map
c:\users\pankaj kolhe\documents\visual studio 2015\Projects\Angular2Learn\Angular2Learn\src\app\app.component.spec.js
c:\users\pankaj kolhe\documents\visual studio 2015\Projects\Angular2Learn\Angular2Learn\src\app\app.component.spec.js.map
c:\users\pankaj kolhe\documents\visual studio 2015\Projects\Angular2Learn\Angular2Learn\src\app\app.component.js
c:\users\pankaj kolhe\documents\visual studio 2015\Projects\Angular2Learn\Angular2Learn\src\app\app.component.js.map
c:\users\pankaj kolhe\documents\visual studio 2015\Projects\Angular2Learn\Angular2Learn\src\app\app.module.js
c:\users\pankaj kolhe\documents\visual studio 2015\Projects\Angular2Learn\Angular2Learn\src\app\app.module.js.map
c:\users\pankaj kolhe\documents\visual studio 2015\Projects\Angular2Learn\Angular2Learn\src\main.js
c:\users\pankaj kolhe\documents\visual studio 2015\Projects\Angular2Learn\Angular2Learn\src\main.js.map
c:\users\pankaj kolhe\documents\visual studio 2015\Projects\Angular2Learn\Angular2Learn\src\app\app.component.spec.js
c:\users\pankaj kolhe\documents\visual studio 2015\Projects\Angular2Learn\Angular2Learn\src\app\app.component.spec.js.map
c:\users\pankaj kolhe\documents\visual studio 2015\Projects\Angular2Learn\Angular2Learn\src\app\app.component.js
c:\users\pankaj kolhe\documents\visual studio 2015\Projects\Angular2Learn\Angular2Learn\src\app\app.component.js.map
c:\users\pankaj kolhe\documents\visual studio 2015\Projects\Angular2Learn\Angular2Learn\src\app\app.module.js
c:\users\pankaj kolhe\documents\visual studio 2015\Projects\Angular2Learn\Angular2Learn\src\app\app.module.js.map
c:\users\pankaj kolhe\documents\visual studio 2015\Projects\Angular2Learn\Angular2Learn\src\main.js
c:\users\pankaj kolhe\documents\visual studio 2015\Projects\Angular2Learn\Angular2Learn\src\main.js.map
c:\users\pankaj kolhe\documents\visual studio 2015\Projects\Angular2Learn\Angular2Learn\src\app\app.component.spec.js
c:\users\pankaj kolhe\documents\visual studio 2015\Projects\Angular2Learn\Angular2Learn\src\app\app.component.spec.js.map
c:\users\pankaj kolhe\documents\visual studio 2015\Projects\Angular2Learn\Angular2Learn\src\app\app.component.js
c:\users\pankaj kolhe\documents\visual studio 2015\Projects\Angular2Learn\Angular2Learn\src\app\app.component.js.map
c:\users\pankaj kolhe\documents\visual studio 2015\Projects\Angular2Learn\Angular2Learn\src\app\app.module.js
c:\users\pankaj kolhe\documents\visual studio 2015\Projects\Angular2Learn\Angular2Learn\src\app\app.module.js.map
c:\users\pankaj kolhe\documents\visual studio 2015\Projects\Angular2Learn\Angular2Learn\src\main.js
c:\users\pankaj kolhe\documents\visual studio 2015\Projects\Angular2Learn\Angular2Learn\src\main.js.map
c:\users\pankaj kolhe\documents\visual studio 2015\Projects\Angular2Learn\Angular2Learn\src\app\app.component.spec.js
c:\users\pankaj kolhe\documents\visual studio 2015\Projects\Angular2Learn\Angular2Learn\src\app\app.component.spec.js.map
c:\users\pankaj kolhe\documents\visual studio 2015\Projects\Angular2Learn\Angular2Learn\src\app\app.component.js
c:\users\pankaj kolhe\documents\visual studio 2015\Projects\Angular2Learn\Angular2Learn\src\app\app.component.js.map
c:\users\pankaj kolhe\documents\visual studio 2015\Projects\Angular2Learn\Angular2Learn\src\app\app.module.js
c:\users\pankaj kolhe\documents\visual studio 2015\Projects\Angular2Learn\Angular2Learn\src\app\app.module.js.map
c:\users\pankaj kolhe\documents\visual studio 2015\Projects\Angular2Learn\Angular2Learn\src\main.js
c:\users\pankaj kolhe\documents\visual studio 2015\Projects\Angular2Learn\Angular2Learn\src\main.js.map
c:\users\pankaj kolhe\documents\visual studio 2015\Projects\Angular2Learn\Angular2Learn\src\app\app.component.spec.js
c:\users\pankaj kolhe\documents\visual studio 2015\Projects\Angular2Learn\Angular2Learn\src\app\app.component.spec.js.map
c:\users\pankaj kolhe\documents\visual studio 2015\Projects\Angular2Learn\Angular2Learn\src\app\app.component.js
c:\users\pankaj kolhe\documents\visual studio 2015\Projects\Angular2Learn\Angular2Learn\src\app\app.component.js.map
c:\users\pankaj kolhe\documents\visual studio 2015\Projects\Angular2Learn\Angular2Learn\src\app\app.module.js
c:\users\pankaj kolhe\documents\visual studio 2015\Projects\Angular2Learn\Angular2Learn\src\app\app.module.js.map
c:\users\pankaj kolhe\documents\visual studio 2015\Projects\Angular2Learn\Angular2Learn\src\main.js
c:\users\pankaj kolhe\documents\visual studio 2015\Projects\Angular2Learn\Angular2Learn\src\main.js.map
c:\users\pankaj kolhe\documents\visual studio 2015\Projects\Angular2Learn\Angular2Learn\src\app\app.component.spec.js
c:\users\pankaj kolhe\documents\visual studio 2015\Projects\Angular2Learn\Angular2Learn\src\app\app.component.spec.js.map
c:\users\pankaj kolhe\documents\visual studio 2015\Projects\Angular2Learn\Angular2Learn\src\app\app.component.js
c:\users\pankaj kolhe\documents\visual studio 2015\Projects\Angular2Learn\Angular2Learn\src\app\app.component.js.map
c:\users\pankaj kolhe\documents\visual studio 2015\Projects\Angular2Learn\Angular2Learn\src\app\app.module.js
c:\users\pankaj kolhe\documents\visual studio 2015\Projects\Angular2Learn\Angular2Learn\src\app\app.module.js.map
c:\users\pankaj kolhe\documents\visual studio 2015\Projects\Angular2Learn\Angular2Learn\src\main.js
c:\users\pankaj kolhe\documents\visual studio 2015\Projects\Angular2Learn\Angular2Learn\src\main.js.map
c:\users\pankaj kolhe\documents\visual studio 2015\Projects\Angular2Learn\Angular2Learn\src\app\app.component.spec.js
c:\users\pankaj kolhe\documents\visual studio 2015\Projects\Angular2Learn\Angular2Learn\src\app\app.component.spec.js.map
c:\users\pankaj kolhe\documents\visual studio 2015\Projects\Angular2Learn\Angular2Learn\src\app\app.component.js
c:\users\pankaj kolhe\documents\visual studio 2015\Projects\Angular2Learn\Angular2Learn\src\app\app.component.js.map
c:\users\pankaj kolhe\documents\visual studio 2015\Projects\Angular2Learn\Angular2Learn\src\app\app.module.js
c:\users\pankaj kolhe\documents\visual studio 2015\Projects\Angular2Learn\Angular2Learn\src\app\app.module.js.map
c:\users\pankaj kolhe\documents\visual studio 2015\Projects\Angular2Learn\Angular2Learn\src\main.js
c:\users\pankaj kolhe\documents\visual studio 2015\Projects\Angular2Learn\Angular2Learn\src\main.js.map
c:\users\pankaj kolhe\documents\visual studio 2015\Projects\Angular2Learn\Angular2Learn\src\app\app.component.spec.js
c:\users\pankaj kolhe\documents\visual studio 2015\Projects\Angular2Learn\Angular2Learn\src\app\app.component.spec.js.map
c:\users\pankaj kolhe\documents\visual studio 2015\Projects\Angular2Learn\Angular2Learn\src\app\app.component.js
c:\users\pankaj kolhe\documents\visual studio 2015\Projects\Angular2Learn\Angular2Learn\src\app\app.component.js.map
c:\users\pankaj kolhe\documents\visual studio 2015\Projects\Angular2Learn\Angular2Learn\src\app\app.module.js
c:\users\pankaj kolhe\documents\visual studio 2015\Projects\Angular2Learn\Angular2Learn\src\app\app.module.js.map
c:\users\pankaj kolhe\documents\visual studio 2015\Projects\Angular2Learn\Angular2Learn\src\main.js
c:\users\pankaj kolhe\documents\visual studio 2015\Projects\Angular2Learn\Angular2Learn\src\main.js.map
c:\users\pankaj kolhe\documents\visual studio 2015\Projects\Angular2Learn\Angular2Learn\src\app\app.component.spec.js
c:\users\pankaj kolhe\documents\visual studio 2015\Projects\Angular2Learn\Angular2Learn\src\app\app.component.spec.js.map
